<?xml version="1.0" encoding="UTF-8"?>
<!-- Generated by org.testng.reporters.JUnitReportReporter -->
<testsuite ignored="0" hostname="LAPTOP-Q5FG0PLV" failures="0" tests="1" name="test.HomePageTest" time="0.462" errors="0" timestamp="11 Dec 2024 21:51:35 GMT" skipped="0">
  <testcase classname="test.HomePageTest" name="homepagetest" time="0.462"/>
</testsuite> <!-- test.HomePageTest -->
