<?xml version="1.0" encoding="UTF-8"?>
<!-- Generated by org.testng.reporters.JUnitReportReporter -->
<testsuite ignored="0" hostname="LAPTOP-Q5FG0PLV" failures="0" tests="1" name="test.CreateAccountPageTest" time="1.290" errors="0" timestamp="14 Dec 2024 15:47:44 GMT" skipped="0">
  <testcase classname="test.CreateAccountPageTest" name="creataccountpagetest" time="1.290"/>
</testsuite> <!-- test.CreateAccountPageTest -->
